<?xml version="1.0" encoding="UTF-8"?>
<testsuite xmlns:xsi="http://www.w3.org/2001/XMLSchema-instance" xsi:noNamespaceSchemaLocation="https://maven.apache.org/surefire/maven-surefire-plugin/xsd/surefire-test-report-3.0.xsd" version="3.0" name="com.raft.core.LogManagerTest" time="0.011" tests="11" errors="0" skipped="0" failures="0">
  <properties>
[...]
</properties>
  <testcase name="appendAssignsCorrectIndexAndTerm" classname="com.raft.core.LogManagerTest" time="0.001"/>
  <testcase name="syncFromWithEmptyLogAppendsAll" classname="com.raft.core.LogManagerTest" time="0.001"/>
  <testcase name="emptyLogHasSentinel" classname="com.raft.core.LogManagerTest" time="0.001"/>
  <testcase name="unappliedEntriesReturnedInOrder" classname="com.raft.core.LogManagerTest" time="0.001"/>
  <testcase name="lastLogIndexIsZeroWhenEmpty" classname="com.raft.core.LogManagerTest" time="0.0"/>
  <testcase name="getReturnsNullForOutOfRange" classname="com.raft.core.LogManagerTest" time="0.0"/>
  <testcase name="syncFromTruncatesConflictingEntries" classname="com.raft.core.LogManagerTest" time="0.001"/>
  <testcase name="getReturnsSentinelForIndexZero" classname="com.raft.core.LogManagerTest" time="0.001"/>
  <testcase name="hasEntryAtReturnsCorrectResult" classname="com.raft.core.LogManagerTest" time="0.0"/>
  <testcase name="appendIncrementsIndex" classname="com.raft.core.LogManagerTest" time="0.0"/>
  <testcase name="truncateFromRemovesEntries" classname="com.raft.core.LogManagerTest" time="0.001"/>
</testsuite>